[17:38:39] [ServerMain/INFO]: [bootstrap] Running Java 21 (OpenJDK 64-Bit Server VM 21.0.6; Homebrew Homebrew) on Mac OS X 15.2 (aarch64)
[17:38:39] [ServerMain/INFO]: [bootstrap] Loading Paper 1.21.4-190-main@5538d24 (2025-03-05T12:40:02Z) for Minecraft 1.21.4
[17:38:40] [ServerMain/INFO]: [PluginInitializerManager] Initializing plugins...
[17:38:41] [Paper Plugin Remapper Thread - 2/INFO]: [PluginRemapper] Remapping plugin 'plugins/paper-plugin-1.0-SNAPSHOT.jar'...
[17:38:44] [Paper Plugin Remapper Thread - 2/INFO]: [PluginRemapper] Done remapping plugin 'plugins/paper-plugin-1.0-SNAPSHOT.jar' in 3598ms.
[17:38:44] [ServerMain/INFO]: [PluginInitializerManager] Initialized 1 plugin
[17:38:44] [ServerMain/INFO]: [PluginInitializerManager] Bukkit plugins (1):
 - TelegramTest (Тестовый плагин)
[17:38:49] [ServerMain/INFO]: Environment: Environment[sessionHost=https://sessionserver.mojang.com, servicesHost=https://api.minecraftservices.com, name=PROD]
[17:38:51] [ServerMain/INFO]: Loaded 1370 recipes
[17:38:51] [ServerMain/INFO]: Loaded 1481 advancements
[17:38:51] [ServerMain/INFO]: [MCTypeRegistry] Initialising converters for DataConverter...
[17:38:51] [ServerMain/INFO]: [MCTypeRegistry] Finished initialising converters for DataConverter in 394,2ms
[17:38:51] [Server thread/INFO]: Starting minecraft server version 1.21.4
[17:38:51] [Server thread/INFO]: Loading properties
[17:38:51] [Server thread/INFO]: This server is running Paper version 1.21.4-190-main@5538d24 (2025-03-05T12:40:02Z) (Implementing API version 1.21.4-R0.1-SNAPSHOT)
[17:38:51] [Server thread/INFO]: [spark] This server bundles the spark profiler. For more information please visit https://docs.papermc.io/paper/profiling
[17:38:51] [Server thread/INFO]: Server Ping Player Sample Count: 12
[17:38:51] [Server thread/INFO]: Using 4 threads for Netty based IO
[17:38:53] [Server thread/INFO]: [MoonriseCommon] Paper is using 2 worker threads, 1 I/O threads
[17:38:53] [Server thread/INFO]: [ChunkTaskScheduler] Chunk system is using population gen parallelism: true
[17:38:54] [Server thread/INFO]: Default game type: SURVIVAL
[17:38:54] [Server thread/INFO]: Generating keypair
[17:38:54] [Server thread/INFO]: Starting Minecraft server on *:25565
[17:38:54] [Server thread/INFO]: Using default channel type
[17:38:54] [Server thread/INFO]: Paper: Using libdeflate (macOS ARM64 / Apple Silicon) compression from Velocity.
[17:38:55] [Server thread/INFO]: Paper: Using native (macOS ARM64 / Apple Silicon) cipher from Velocity.
[17:38:55] [Server thread/INFO]: [TelegramTest] Loading server plugin TelegramTest vТестовый плагин
[17:38:55] [Server thread/INFO]: Server permissions file permissions.yml is empty, ignoring it
[17:38:55] [Server thread/WARN]: **** SERVER IS RUNNING IN OFFLINE/INSECURE MODE!
[17:38:55] [Server thread/WARN]: The server will make no attempt to authenticate usernames. Beware.
[17:38:55] [Server thread/WARN]: While this makes the game possible to play without internet access, it also opens up the ability for hackers to connect with any username they choose.
[17:38:55] [Server thread/WARN]: To change this, set "online-mode" to "true" in the server.properties file.
[17:38:55] [Server thread/INFO]: Preparing level "world"
[17:38:56] [Server thread/INFO]: Preparing start region for dimension minecraft:overworld
[17:38:56] [Server thread/INFO]: Preparing spawn area: 0%
[17:38:56] [Server thread/INFO]: Preparing spawn area: 0%
[17:38:56] [Server thread/INFO]: Time elapsed: 624 ms
[17:38:56] [Server thread/INFO]: Preparing start region for dimension minecraft:the_nether
[17:38:56] [Server thread/INFO]: Preparing spawn area: 0%
[17:38:56] [Server thread/INFO]: Time elapsed: 100 ms
[17:38:56] [Server thread/INFO]: Preparing start region for dimension minecraft:the_end
[17:38:56] [Server thread/INFO]: Preparing spawn area: 0%
[17:38:57] [Server thread/INFO]: Preparing spawn area: 75%
[17:38:57] [Server thread/INFO]: Time elapsed: 553 ms
[17:38:57] [Server thread/INFO]: [TelegramTest] Enabling TelegramTest vТестовый плагин
[17:38:58] [Server thread/INFO]: [TelegramTest] Telegram bot successfully started!
[17:38:58] [Server thread/INFO]: [TelegramTest] Plugin has been enabled!
[17:38:58] [Server thread/INFO]: [spark] Starting background profiler...
[17:39:00] [Server thread/INFO]: Done preparing level "world" (5.444s)
[17:39:00] [Server thread/INFO]: Running delayed init tasks
[17:39:00] [Server thread/INFO]: Removed she1kopr9d from the whitelist
[17:39:00] [Server thread/INFO]: Done (21.627s)! For help, type "help"
[17:39:05] [User Authenticator #0/INFO]: UUID of player she1kopr9d is 6ce0cfc1-fec8-3d36-a4a3-5a1dc1bfcc97
[17:39:05] [Server thread/INFO]: she1kopr9d lost connection: Вы не зарегистрированы! Используйте /reg в Telegram боте
[17:39:05] [Server thread/INFO]: she1kopr9d left the game
[17:39:11] [Server thread/INFO]: Added she1kopr9d to the whitelist
[17:39:14] [User Authenticator #0/INFO]: UUID of player she1kopr9d is 6ce0cfc1-fec8-3d36-a4a3-5a1dc1bfcc97
[17:39:15] [Server thread/INFO]: she1kopr9d joined the game
[17:39:15] [Server thread/INFO]: she1kopr9d[/127.0.0.1:49542] logged in with entity id 32 at ([world]315.69999998807907, 122.0, -128.30000001192093)
[17:39:25] [Server thread/INFO]: she1kopr9d lost connection: Disconnected
[17:39:25] [Server thread/INFO]: she1kopr9d left the game
[17:39:29] [Server thread/INFO]: Stopping the server
[17:39:29] [Server thread/INFO]: Stopping server
[17:39:29] [Server thread/INFO]: [TelegramTest] Disabling TelegramTest vТестовый плагин
[17:39:29] [Server thread/INFO]: [TelegramTest] Plugin has been disabled!
[17:39:29] [Server thread/INFO]: Saving players
[17:39:30] [Server thread/INFO]: Saving worlds
[17:39:30] [Server thread/INFO]: Saving chunks for level 'ServerLevel[world]'/minecraft:overworld
[17:39:30] [Server thread/INFO]: [ChunkHolderManager] Waiting 60s for chunk system to halt for world 'world'
[17:39:30] [Server thread/INFO]: [ChunkHolderManager] Halted chunk system for world 'world'
[17:39:30] [Server thread/INFO]: [ChunkHolderManager] Saving all chunkholders for world 'world'
[17:39:31] [Server thread/INFO]: [ChunkHolderManager] Saved 692 block chunks, 692 entity chunks, 0 poi chunks in world 'world' in 0,97s
[17:39:31] [Server thread/INFO]: [ChunkHolderManager] Waiting 60s for chunk I/O to halt for world 'world'
[17:39:31] [Server thread/INFO]: [ChunkHolderManager] Halted I/O scheduler for world 'world'
[17:39:31] [Server thread/INFO]: Saving chunks for level 'ServerLevel[world_nether]'/minecraft:the_nether
[17:39:31] [Server thread/INFO]: [ChunkHolderManager] Waiting 60s for chunk system to halt for world 'world_nether'
[17:39:31] [Server thread/INFO]: [ChunkHolderManager] Halted chunk system for world 'world_nether'
[17:39:31] [Server thread/INFO]: [ChunkHolderManager] Saving all chunkholders for world 'world_nether'
[17:39:31] [Server thread/INFO]: [ChunkHolderManager] Saved 49 block chunks, 49 entity chunks, 0 poi chunks in world 'world_nether' in 0,08s
[17:39:31] [Server thread/INFO]: [ChunkHolderManager] Waiting 60s for chunk I/O to halt for world 'world_nether'
[17:39:31] [Server thread/INFO]: [ChunkHolderManager] Halted I/O scheduler for world 'world_nether'
[17:39:31] [Server thread/INFO]: Saving chunks for level 'ServerLevel[world_the_end]'/minecraft:the_end
[17:39:31] [Server thread/INFO]: [ChunkHolderManager] Waiting 60s for chunk system to halt for world 'world_the_end'
[17:39:31] [Server thread/INFO]: [ChunkHolderManager] Halted chunk system for world 'world_the_end'
[17:39:31] [Server thread/INFO]: [ChunkHolderManager] Saving all chunkholders for world 'world_the_end'
[17:39:31] [Server thread/INFO]: [ChunkHolderManager] Saved 49 block chunks, 49 entity chunks, 0 poi chunks in world 'world_the_end' in 0,06s
[17:39:31] [Server thread/INFO]: [ChunkHolderManager] Waiting 60s for chunk I/O to halt for world 'world_the_end'
[17:39:31] [Server thread/INFO]: [ChunkHolderManager] Halted I/O scheduler for world 'world_the_end'
[17:39:31] [Server thread/INFO]: ThreadedAnvilChunkStorage (world): All chunks are saved
[17:39:31] [Server thread/INFO]: ThreadedAnvilChunkStorage (DIM-1): All chunks are saved
[17:39:31] [Server thread/INFO]: ThreadedAnvilChunkStorage (DIM1): All chunks are saved
[17:39:31] [Server thread/INFO]: ThreadedAnvilChunkStorage: All dimensions are saved
[17:39:31] [Server thread/INFO]: Waiting for I/O tasks to complete...
[17:39:31] [Server thread/INFO]: All I/O tasks to complete
[17:39:31] [Server thread/INFO]: [MoonriseCommon] Awaiting termination of worker pool for up to 60s...
[17:39:31] [Server thread/INFO]: [MoonriseCommon] Awaiting termination of I/O pool for up to 60s...
